[debug] [2021-06-20T14:37:15.689Z] ----------------------------------------------------------------------
[debug] [2021-06-20T14:37:15.690Z] Command:       C:\Program Files\nodejs\node.exe C:\Users\prran\AppData\Roaming\npm\node_modules\firebase-tools\lib\bin\firebase.js init
[debug] [2021-06-20T14:37:15.690Z] CLI Version:   9.13.1
[debug] [2021-06-20T14:37:15.691Z] Platform:      win32
[debug] [2021-06-20T14:37:15.691Z] Node Version:  v16.3.0
[debug] [2021-06-20T14:37:15.691Z] Time:          Sun Jun 20 2021 20:07:15 GMT+0530 (India Standard Time)
[debug] [2021-06-20T14:37:15.691Z] ----------------------------------------------------------------------
[debug] 
[debug] [2021-06-20T14:37:15.695Z] > command requires scopes: ["email","openid","https://www.googleapis.com/auth/cloudplatformprojects.readonly","https://www.googleapis.com/auth/firebase","https://www.googleapis.com/auth/cloud-platform"]
[debug] [2021-06-20T14:37:15.695Z] > authorizing via signed-in user (thevrcreatorhouse@gmail.com)
[info] 
     ######## #### ########  ######## ########     ###     ######  ########
     ##        ##  ##     ## ##       ##     ##  ##   ##  ##       ##
     ######    ##  ########  ######   ########  #########  ######  ######
     ##        ##  ##    ##  ##       ##     ## ##     ##       ## ##
     ##       #### ##     ## ######## ########  ##     ##  ######  ########

You're about to initialize a Firebase project in this directory:

  D:\VR

[info] 
=== Project Setup
[info] 
[info] First, let's associate this project directory with a Firebase project.
[info] You can create multiple project aliases by running firebase use --add, 
[info] but for now we'll just set up a default project.
[info] 
